-------------------------------------------------------------------------------
Test set: com.rrms.service.InvoiceServiceTest
-------------------------------------------------------------------------------
Tests run: 7, Failures: 2, Errors: 0, Skipped: 0, Time elapsed: 0.066 s <<< FAILURE! -- in com.rrms.service.InvoiceServiceTest
com.rrms.service.InvoiceServiceTest.F2_TC07_negativeOtherServices_shouldThrowException -- Time elapsed: 0.039 s <<< FAILURE!
org.opentest4j.AssertionFailedError: Expected com.rrms.common.BusinessException to be thrown, but nothing was thrown.
	at org.junit.jupiter.api.AssertionFailureBuilder.build(AssertionFailureBuilder.java:152)
	at org.junit.jupiter.api.AssertThrows.assertThrows(AssertThrows.java:73)
	at org.junit.jupiter.api.AssertThrows.assertThrows(AssertThrows.java:35)
	at org.junit.jupiter.api.Assertions.assertThrows(Assertions.java:3128)
	at com.rrms.service.InvoiceServiceTest.F2_TC07_negativeOtherServices_shouldThrowException(InvoiceServiceTest.java:175)
	at java.base/java.lang.reflect.Method.invoke(Method.java:565)
	at java.base/java.util.ArrayList.forEach(ArrayList.java:1612)
	at java.base/java.util.ArrayList.forEach(ArrayList.java:1612)

com.rrms.service.InvoiceServiceTest.F2_TC06_negativeUnitPrice_shouldThrowException -- Time elapsed: 0.003 s <<< FAILURE!
org.opentest4j.AssertionFailedError: Expected com.rrms.common.BusinessException to be thrown, but nothing was thrown.
	at org.junit.jupiter.api.AssertionFailureBuilder.build(AssertionFailureBuilder.java:152)
	at org.junit.jupiter.api.AssertThrows.assertThrows(AssertThrows.java:73)
	at org.junit.jupiter.api.AssertThrows.assertThrows(AssertThrows.java:35)
	at org.junit.jupiter.api.Assertions.assertThrows(Assertions.java:3128)
	at com.rrms.service.InvoiceServiceTest.F2_TC06_negativeUnitPrice_shouldThrowException(InvoiceServiceTest.java:155)
	at java.base/java.lang.reflect.Method.invoke(Method.java:565)
	at java.base/java.util.ArrayList.forEach(ArrayList.java:1612)
	at java.base/java.util.ArrayList.forEach(ArrayList.java:1612)

