<?xml version="1.0" encoding="UTF-8"?>
<testsuite xmlns:xsi="http://www.w3.org/2001/XMLSchema-instance" xsi:noNamespaceSchemaLocation="https://maven.apache.org/surefire/maven-surefire-plugin/xsd/surefire-test-report.xsd" version="3.0.2" name="com.rrms.service.TenantServiceTest" time="0.058" tests="5" errors="0" skipped="0" failures="0">
  <properties>
[...]
</properties>
  <testcase name="testIsValidCitizenId_SpecialChars_ReturnsFalse" classname="com.rrms.service.TenantServiceTest" time="0.046"/>
  <testcase name="testIsValidCitizenId_ContainsLetters_ReturnsFalse" classname="com.rrms.service.TenantServiceTest" time="0.002"/>
  <testcase name="testIsValidCitizenId_Null_ReturnsFalse" classname="com.rrms.service.TenantServiceTest" time="0.002"/>
  <testcase name="testIsValidCitizenId_ValidId_ReturnsTrue" classname="com.rrms.service.TenantServiceTest" time="0.003"/>
  <testcase name="testIsValidCitizenId_EmptyString_ReturnsFalse" classname="com.rrms.service.TenantServiceTest" time="0.002"/>
</testsuite>