<?xml version="1.0" encoding="UTF-8"?>
<testsuite xmlns:xsi="http://www.w3.org/2001/XMLSchema-instance" xsi:noNamespaceSchemaLocation="https://maven.apache.org/surefire/maven-surefire-plugin/xsd/surefire-test-report.xsd" version="3.0.2" name="com.rrms.service.TenantServiceTest" time="13.608" tests="5" errors="0" skipped="0" failures="0">
  <properties>
[...]
</properties>
  <testcase name="testIsValidCitizenId_SpecialChars_ReturnsFalse" classname="com.rrms.service.TenantServiceTest" time="0.053">
    <system-out><![CDATA[14:51:50.744 [main] INFO org.springframework.test.context.support.AnnotationConfigContextLoaderUtils -- Could not detect default configuration classes for test class [com.rrms.service.TenantServiceTest]: TenantServiceTest does not declare any static, non-private, non-final, nested classes annotated with @Configuration.
14:51:51.684 [main] INFO org.springframework.boot.test.context.SpringBootTestContextBootstrapper -- Found @SpringBootConfiguration com.rrms.RrmsApplication for test class com.rrms.service.TenantServiceTest

  .   ____          _            __ _ _
 /\\ / ___'_ __ _ _(_)_ __  __ _ \ \ \ \
( ( )\___ | '_ | '_| | '_ \/ _` | \ \ \ \
 \\/  ___)| |_)| | | | | || (_| |  ) ) ) )
  '  |____| .__|_| |_|_| |_\__, | / / / /
 =========|_|==============|___/=/_/_/_/

 :: Spring Boot ::                (v3.4.5)

2026-06-28T14:51:53.185+07:00  INFO 69972 --- [rental-room-management] [           main] com.rrms.service.TenantServiceTest       : Starting TenantServiceTest using Java 26.0.1 with PID 69972 (started by admin in D:\SE\Sem5\SWT301\PROJECT\RentalRoomProject_Code\RentalRoomLabProject\RentalRoom_FinalProject_SWT\backend)
2026-06-28T14:51:53.187+07:00  INFO 69972 --- [rental-room-management] [           main] com.rrms.service.TenantServiceTest       : No active profile set, falling back to 1 default profile: "default"
2026-06-28T14:51:55.732+07:00  INFO 69972 --- [rental-room-management] [           main] .s.d.r.c.RepositoryConfigurationDelegate : Bootstrapping Spring Data JPA repositories in DEFAULT mode.
2026-06-28T14:51:55.933+07:00  INFO 69972 --- [rental-room-management] [           main] .s.d.r.c.RepositoryConfigurationDelegate : Finished Spring Data repository scanning in 170 ms. Found 6 JPA repository interfaces.
2026-06-28T14:51:57.287+07:00  INFO 69972 --- [rental-room-management] [           main] o.hibernate.jpa.internal.util.LogHelper  : HHH000204: Processing PersistenceUnitInfo [name: default]
2026-06-28T14:51:57.474+07:00  INFO 69972 --- [rental-room-management] [           main] org.hibernate.Version                    : HHH000412: Hibernate ORM core version 6.6.13.Final
2026-06-28T14:51:57.552+07:00  INFO 69972 --- [rental-room-management] [           main] o.h.c.internal.RegionFactoryInitiator    : HHH000026: Second-level cache disabled
2026-06-28T14:51:57.809+07:00  INFO 69972 --- [rental-room-management] [           main] o.s.o.j.p.SpringPersistenceUnitInfo      : No LoadTimeWeaver setup: ignoring JPA class transformer
2026-06-28T14:51:57.884+07:00  INFO 69972 --- [rental-room-management] [           main] com.zaxxer.hikari.HikariDataSource       : HikariPool-1 - Starting...
2026-06-28T14:51:58.804+07:00  INFO 69972 --- [rental-room-management] [           main] com.zaxxer.hikari.pool.HikariPool        : HikariPool-1 - Added connection conn0: url=jdbc:h2:file:./data/rrms user=SA
2026-06-28T14:51:58.808+07:00  INFO 69972 --- [rental-room-management] [           main] com.zaxxer.hikari.HikariDataSource       : HikariPool-1 - Start completed.
2026-06-28T14:51:58.961+07:00  INFO 69972 --- [rental-room-management] [           main] org.hibernate.orm.connections.pooling    : HHH10001005: Database info:
	Database JDBC URL [Connecting through datasource 'HikariDataSource (HikariPool-1)']
	Database driver: undefined/unknown
	Database version: 2.3.232
	Autocommit mode: undefined/unknown
	Isolation level: undefined/unknown
	Minimum pool size: undefined/unknown
	Maximum pool size: undefined/unknown
2026-06-28T14:52:00.502+07:00  INFO 69972 --- [rental-room-management] [           main] o.h.e.t.j.p.i.JtaPlatformInitiator       : HHH000489: No JTA platform available (set 'hibernate.transaction.jta.platform' to enable JTA platform integration)
2026-06-28T14:52:00.652+07:00  INFO 69972 --- [rental-room-management] [           main] j.LocalContainerEntityManagerFactoryBean : Initialized JPA EntityManagerFactory for persistence unit 'default'
2026-06-28T14:52:03.064+07:00  INFO 69972 --- [rental-room-management] [           main] o.s.b.a.h2.H2ConsoleAutoConfiguration    : H2 console available at '/h2-console'. Database available at 'jdbc:h2:file:./data/rrms'
2026-06-28T14:52:03.175+07:00  INFO 69972 --- [rental-room-management] [           main] com.rrms.service.TenantServiceTest       : Started TenantServiceTest in 10.826 seconds (process running for 18.914)
]]></system-out>
  </testcase>
  <testcase name="testIsValidCitizenId_ContainsLetters_ReturnsFalse" classname="com.rrms.service.TenantServiceTest" time="0.013"/>
  <testcase name="testIsValidCitizenId_Null_ReturnsFalse" classname="com.rrms.service.TenantServiceTest" time="0.016"/>
  <testcase name="testIsValidCitizenId_ValidId_ReturnsTrue" classname="com.rrms.service.TenantServiceTest" time="0.011"/>
  <testcase name="testIsValidCitizenId_EmptyString_ReturnsFalse" classname="com.rrms.service.TenantServiceTest" time="0.02"/>
</testsuite>